<?xml version="1.0" encoding="UTF-8"?>
<!-- Generated by org.testng.reporters.JUnitReportReporter -->
<testsuite hostname="LAPTOP-BK4DH8F1" name="testCases.LogInText" tests="1" failures="0" timestamp="9 Apr 2022 18:18:08 GMT" time="1.929" errors="0">
  <testcase name="verifyInvalidCredentialMessage" time="1.929" classname="testCases.LogInText"/>
</testsuite> <!-- testCases.LogInText -->
